{"C:\\Users\\hp\\Documents\\VICA\\fullstackapi\\summerexam\\backend\\server.js": {"path":"C:\\Users\\hp\\Documents\\VICA\\fullstackapi\\summerexam\\backend\\server.js","statementMap":{"0":{"start":{"line":1,"column":16},"end":{"line":1,"column":34}},"1":{"start":{"line":2,"column":13},"end":{"line":2,"column":28}},"2":{"start":{"line":3,"column":12},"end":{"line":3,"column":21}},"3":{"start":{"line":4,"column":18},"end":{"line":4,"column":47}},"4":{"start":{"line":5,"column":13},"end":{"line":5,"column":30}},"5":{"start":{"line":6,"column":24},"end":{"line":6,"column":51}},"6":{"start":{"line":7,"column":21},"end":{"line":7,"column":58}},"7":{"start":{"line":10,"column":18},"end":{"line":10,"column":48}},"8":{"start":{"line":11,"column":21},"end":{"line":11,"column":54}},"9":{"start":{"line":12,"column":21},"end":{"line":12,"column":54}},"10":{"start":{"line":14,"column":0},"end":{"line":23,"column":3}},"11":{"start":{"line":15,"column":2},"end":{"line":15,"column":52}},"12":{"start":{"line":16,"column":2},"end":{"line":16,"column":74}},"13":{"start":{"line":17,"column":2},"end":{"line":20,"column":4}},"14":{"start":{"line":21,"column":2},"end":{"line":21,"column":58}},"15":{"start":{"line":22,"column":2},"end":{"line":22,"column":9}},"16":{"start":{"line":26,"column":20},"end":{"line":30,"column":1}},"17":{"start":{"line":33,"column":0},"end":{"line":33,"column":27}},"18":{"start":{"line":34,"column":0},"end":{"line":34,"column":24}},"19":{"start":{"line":37,"column":0},"end":{"line":39,"column":3}},"20":{"start":{"line":38,"column":2},"end":{"line":38,"column":54}},"21":{"start":{"line":42,"column":0},"end":{"line":42,"column":35}},"22":{"start":{"line":43,"column":0},"end":{"line":43,"column":39}},"23":{"start":{"line":44,"column":0},"end":{"line":44,"column":39}},"24":{"start":{"line":45,"column":0},"end":{"line":45,"column":68}},"25":{"start":{"line":48,"column":0},"end":{"line":48,"column":22}},"26":{"start":{"line":50,"column":0},"end":{"line":50,"column":21}}},"fnMap":{"0":{"name":"(anonymous_0)","decl":{"start":{"line":14,"column":8},"end":{"line":14,"column":9}},"loc":{"start":{"line":14,"column":34},"end":{"line":23,"column":1}},"line":14},"1":{"name":"(anonymous_1)","decl":{"start":{"line":37,"column":16},"end":{"line":37,"column":17}},"loc":{"start":{"line":37,"column":30},"end":{"line":39,"column":1}},"line":37}},"branchMap":{},"s":{"0":8,"1":8,"2":8,"3":8,"4":8,"5":8,"6":8,"7":8,"8":8,"9":8,"10":8,"11":69,"12":69,"13":69,"14":69,"15":69,"16":8,"17":8,"18":8,"19":8,"20":1,"21":8,"22":8,"23":8,"24":8,"25":8,"26":8},"f":{"0":69,"1":1},"b":{},"_coverageSchema":"1a1c01bbd47fc00a2c39e90264f33305004495a9","hash":"4ff8a7d540399086e3ed6ada06899df235f82914"}
,"C:\\Users\\hp\\Documents\\VICA\\fullstackapi\\summerexam\\backend\\controllers\\articles.controller.js": {"path":"C:\\Users\\hp\\Documents\\VICA\\fullstackapi\\summerexam\\backend\\controllers\\articles.controller.js","statementMap":{"0":{"start":{"line":1,"column":16},"end":{"line":1,"column":54}},"1":{"start":{"line":2,"column":19},"end":{"line":2,"column":40}},"2":{"start":{"line":5,"column":0},"end":{"line":21,"column":2}},"3":{"start":{"line":6,"column":13},"end":{"line":6,"column":14}},"4":{"start":{"line":7,"column":2},"end":{"line":10,"column":3}},"5":{"start":{"line":8,"column":4},"end":{"line":8,"column":46}},"6":{"start":{"line":9,"column":4},"end":{"line":9,"column":65}},"7":{"start":{"line":12,"column":2},"end":{"line":20,"column":5}},"8":{"start":{"line":13,"column":22},"end":{"line":13,"column":24}},"9":{"start":{"line":14,"column":17},"end":{"line":14,"column":19}},"10":{"start":{"line":15,"column":4},"end":{"line":18,"column":7}},"11":{"start":{"line":16,"column":6},"end":{"line":16,"column":60}},"12":{"start":{"line":17,"column":6},"end":{"line":17,"column":45}},"13":{"start":{"line":19,"column":4},"end":{"line":19,"column":26}},"14":{"start":{"line":24,"column":0},"end":{"line":38,"column":2}},"15":{"start":{"line":25,"column":16},"end":{"line":25,"column":20}},"16":{"start":{"line":26,"column":16},"end":{"line":26,"column":20}},"17":{"start":{"line":27,"column":2},"end":{"line":35,"column":3}},"18":{"start":{"line":29,"column":4},"end":{"line":31,"column":5}},"19":{"start":{"line":30,"column":6},"end":{"line":30,"column":34}},"20":{"start":{"line":32,"column":4},"end":{"line":34,"column":5}},"21":{"start":{"line":33,"column":6},"end":{"line":33,"column":34}},"22":{"start":{"line":37,"column":2},"end":{"line":37,"column":68}},"23":{"start":{"line":37,"column":50},"end":{"line":37,"column":66}},"24":{"start":{"line":41,"column":0},"end":{"line":47,"column":2}},"25":{"start":{"line":42,"column":18},"end":{"line":42,"column":54}},"26":{"start":{"line":44,"column":2},"end":{"line":46,"column":4}},"27":{"start":{"line":45,"column":4},"end":{"line":45,"column":45}},"28":{"start":{"line":50,"column":0},"end":{"line":62,"column":2}},"29":{"start":{"line":51,"column":18},"end":{"line":51,"column":54}},"30":{"start":{"line":53,"column":2},"end":{"line":61,"column":7}},"31":{"start":{"line":54,"column":4},"end":{"line":56,"column":7}},"32":{"start":{"line":55,"column":6},"end":{"line":55,"column":35}},"33":{"start":{"line":58,"column":4},"end":{"line":61,"column":7}},"34":{"start":{"line":59,"column":6},"end":{"line":59,"column":27}},"35":{"start":{"line":60,"column":6},"end":{"line":60,"column":35}},"36":{"start":{"line":65,"column":0},"end":{"line":72,"column":2}},"37":{"start":{"line":66,"column":2},"end":{"line":71,"column":5}},"38":{"start":{"line":67,"column":4},"end":{"line":70,"column":5}},"39":{"start":{"line":67,"column":24},"end":{"line":67,"column":74}},"40":{"start":{"line":69,"column":6},"end":{"line":69,"column":47}},"41":{"start":{"line":75,"column":0},"end":{"line":79,"column":2}},"42":{"start":{"line":76,"column":2},"end":{"line":78,"column":5}},"43":{"start":{"line":77,"column":4},"end":{"line":77,"column":29}}},"fnMap":{"0":{"name":"(anonymous_0)","decl":{"start":{"line":5,"column":15},"end":{"line":5,"column":16}},"loc":{"start":{"line":5,"column":29},"end":{"line":21,"column":1}},"line":5},"1":{"name":"(anonymous_1)","decl":{"start":{"line":12,"column":42},"end":{"line":12,"column":43}},"loc":{"start":{"line":12,"column":54},"end":{"line":20,"column":3}},"line":12},"2":{"name":"(anonymous_2)","decl":{"start":{"line":15,"column":15},"end":{"line":15,"column":16}},"loc":{"start":{"line":15,"column":25},"end":{"line":18,"column":5}},"line":15},"3":{"name":"(anonymous_3)","decl":{"start":{"line":24,"column":18},"end":{"line":24,"column":19}},"loc":{"start":{"line":24,"column":32},"end":{"line":38,"column":1}},"line":24},"4":{"name":"(anonymous_4)","decl":{"start":{"line":37,"column":38},"end":{"line":37,"column":39}},"loc":{"start":{"line":37,"column":50},"end":{"line":37,"column":66}},"line":37},"5":{"name":"(anonymous_5)","decl":{"start":{"line":41,"column":17},"end":{"line":41,"column":18}},"loc":{"start":{"line":41,"column":31},"end":{"line":47,"column":1}},"line":41},"6":{"name":"(anonymous_6)","decl":{"start":{"line":44,"column":51},"end":{"line":44,"column":52}},"loc":{"start":{"line":45,"column":4},"end":{"line":45,"column":45}},"line":45},"7":{"name":"(anonymous_7)","decl":{"start":{"line":50,"column":18},"end":{"line":50,"column":19}},"loc":{"start":{"line":50,"column":32},"end":{"line":62,"column":1}},"line":50},"8":{"name":"(anonymous_8)","decl":{"start":{"line":54,"column":24},"end":{"line":54,"column":25}},"loc":{"start":{"line":54,"column":36},"end":{"line":56,"column":5}},"line":54},"9":{"name":"(anonymous_9)","decl":{"start":{"line":58,"column":42},"end":{"line":58,"column":43}},"loc":{"start":{"line":58,"column":54},"end":{"line":61,"column":5}},"line":58},"10":{"name":"(anonymous_10)","decl":{"start":{"line":65,"column":20},"end":{"line":65,"column":21}},"loc":{"start":{"line":65,"column":34},"end":{"line":72,"column":1}},"line":65},"11":{"name":"(anonymous_11)","decl":{"start":{"line":66,"column":53},"end":{"line":66,"column":54}},"loc":{"start":{"line":66,"column":65},"end":{"line":71,"column":3}},"line":66},"12":{"name":"(anonymous_12)","decl":{"start":{"line":75,"column":21},"end":{"line":75,"column":22}},"loc":{"start":{"line":75,"column":35},"end":{"line":79,"column":1}},"line":75},"13":{"name":"(anonymous_13)","decl":{"start":{"line":76,"column":41},"end":{"line":76,"column":42}},"loc":{"start":{"line":76,"column":53},"end":{"line":78,"column":3}},"line":76}},"branchMap":{"0":{"loc":{"start":{"line":7,"column":2},"end":{"line":10,"column":3}},"type":"if","locations":[{"start":{"line":7,"column":2},"end":{"line":10,"column":3}},{"start":{"line":7,"column":2},"end":{"line":10,"column":3}}],"line":7},"1":{"loc":{"start":{"line":9,"column":11},"end":{"line":9,"column":64}},"type":"cond-expr","locations":[{"start":{"line":9,"column":46},"end":{"line":9,"column":60}},{"start":{"line":9,"column":63},"end":{"line":9,"column":64}}],"line":9},"2":{"loc":{"start":{"line":27,"column":2},"end":{"line":35,"column":3}},"type":"if","locations":[{"start":{"line":27,"column":2},"end":{"line":35,"column":3}},{"start":{"line":27,"column":2},"end":{"line":35,"column":3}}],"line":27},"3":{"loc":{"start":{"line":29,"column":4},"end":{"line":31,"column":5}},"type":"if","locations":[{"start":{"line":29,"column":4},"end":{"line":31,"column":5}},{"start":{"line":29,"column":4},"end":{"line":31,"column":5}}],"line":29},"4":{"loc":{"start":{"line":32,"column":4},"end":{"line":34,"column":5}},"type":"if","locations":[{"start":{"line":32,"column":4},"end":{"line":34,"column":5}},{"start":{"line":32,"column":4},"end":{"line":34,"column":5}}],"line":32},"5":{"loc":{"start":{"line":53,"column":2},"end":{"line":61,"column":7}},"type":"if","locations":[{"start":{"line":53,"column":2},"end":{"line":61,"column":7}},{"start":{"line":53,"column":2},"end":{"line":61,"column":7}}],"line":53},"6":{"loc":{"start":{"line":67,"column":4},"end":{"line":70,"column":5}},"type":"if","locations":[{"start":{"line":67,"column":4},"end":{"line":70,"column":5}},{"start":{"line":67,"column":4},"end":{"line":70,"column":5}}],"line":67}},"s":{"0":8,"1":8,"2":8,"3":4,"4":4,"5":0,"6":0,"7":4,"8":4,"9":4,"10":4,"11":4,"12":4,"13":4,"14":8,"15":4,"16":4,"17":4,"18":4,"19":1,"20":4,"21":1,"22":4,"23":4,"24":8,"25":20,"26":20,"27":20,"28":8,"29":3,"30":3,"31":1,"32":1,"33":2,"34":2,"35":2,"36":8,"37":1,"38":1,"39":0,"40":1,"41":8,"42":1,"43":1},"f":{"0":4,"1":4,"2":4,"3":4,"4":4,"5":20,"6":20,"7":3,"8":1,"9":2,"10":1,"11":1,"12":1,"13":1},"b":{"0":[0,4],"1":[0,0],"2":[4,0],"3":[1,3],"4":[1,3],"5":[1,2],"6":[0,1]},"_coverageSchema":"1a1c01bbd47fc00a2c39e90264f33305004495a9","hash":"cee0a21cba3f8d160b0baee27b4f32f6ccbb7e2c"}
,"C:\\Users\\hp\\Documents\\VICA\\fullstackapi\\summerexam\\backend\\controllers\\holidays.controller.js": {"path":"C:\\Users\\hp\\Documents\\VICA\\fullstackapi\\summerexam\\backend\\controllers\\holidays.controller.js","statementMap":{"0":{"start":{"line":2,"column":18},"end":{"line":2,"column":57}},"1":{"start":{"line":3,"column":18},"end":{"line":3,"column":57}},"2":{"start":{"line":4,"column":19},"end":{"line":4,"column":58}},"3":{"start":{"line":7,"column":0},"end":{"line":13,"column":2}},"4":{"start":{"line":9,"column":2},"end":{"line":12,"column":5}},"5":{"start":{"line":11,"column":4},"end":{"line":11,"column":34}},"6":{"start":{"line":16,"column":0},"end":{"line":21,"column":2}},"7":{"start":{"line":17,"column":2},"end":{"line":20,"column":5}},"8":{"start":{"line":19,"column":4},"end":{"line":19,"column":34}},"9":{"start":{"line":24,"column":0},"end":{"line":30,"column":2}},"10":{"start":{"line":25,"column":2},"end":{"line":25,"column":22}},"11":{"start":{"line":26,"column":2},"end":{"line":29,"column":5}},"12":{"start":{"line":28,"column":4},"end":{"line":28,"column":34}}},"fnMap":{"0":{"name":"(anonymous_0)","decl":{"start":{"line":7,"column":17},"end":{"line":7,"column":18}},"loc":{"start":{"line":7,"column":37},"end":{"line":13,"column":1}},"line":7},"1":{"name":"(anonymous_1)","decl":{"start":{"line":9,"column":44},"end":{"line":9,"column":45}},"loc":{"start":{"line":9,"column":56},"end":{"line":12,"column":3}},"line":9},"2":{"name":"(anonymous_2)","decl":{"start":{"line":16,"column":17},"end":{"line":16,"column":18}},"loc":{"start":{"line":16,"column":37},"end":{"line":21,"column":1}},"line":16},"3":{"name":"(anonymous_3)","decl":{"start":{"line":17,"column":44},"end":{"line":17,"column":45}},"loc":{"start":{"line":17,"column":56},"end":{"line":20,"column":3}},"line":17},"4":{"name":"(anonymous_4)","decl":{"start":{"line":24,"column":18},"end":{"line":24,"column":19}},"loc":{"start":{"line":24,"column":38},"end":{"line":30,"column":1}},"line":24},"5":{"name":"(anonymous_5)","decl":{"start":{"line":26,"column":46},"end":{"line":26,"column":47}},"loc":{"start":{"line":26,"column":58},"end":{"line":29,"column":3}},"line":26}},"branchMap":{},"s":{"0":8,"1":8,"2":8,"3":8,"4":7,"5":7,"6":8,"7":7,"8":7,"9":8,"10":7,"11":7,"12":7},"f":{"0":7,"1":7,"2":7,"3":7,"4":7,"5":7},"b":{},"_coverageSchema":"1a1c01bbd47fc00a2c39e90264f33305004495a9","hash":"e491170179ca5f4699d0b20f16a2013b2961749d"}
,"C:\\Users\\hp\\Documents\\VICA\\fullstackapi\\summerexam\\backend\\controllers\\users.controller.js": {"path":"C:\\Users\\hp\\Documents\\VICA\\fullstackapi\\summerexam\\backend\\controllers\\users.controller.js","statementMap":{"0":{"start":{"line":1,"column":13},"end":{"line":1,"column":48}},"1":{"start":{"line":2,"column":14},"end":{"line":2,"column":35}},"2":{"start":{"line":3,"column":12},"end":{"line":3,"column":35}},"3":{"start":{"line":4,"column":14},"end":{"line":4,"column":30}},"4":{"start":{"line":5,"column":19},"end":{"line":5,"column":40}},"5":{"start":{"line":8,"column":0},"end":{"line":54,"column":2}},"6":{"start":{"line":10,"column":15},"end":{"line":10,"column":28}},"7":{"start":{"line":12,"column":18},"end":{"line":25,"column":3}},"8":{"start":{"line":27,"column":19},"end":{"line":27,"column":39}},"9":{"start":{"line":29,"column":16},"end":{"line":29,"column":38}},"10":{"start":{"line":32,"column":18},"end":{"line":32,"column":35}},"11":{"start":{"line":36,"column":2},"end":{"line":37,"column":27}},"12":{"start":{"line":36,"column":47},"end":{"line":36,"column":66}},"13":{"start":{"line":37,"column":7},"end":{"line":37,"column":27}},"14":{"start":{"line":40,"column":2},"end":{"line":40,"column":46}},"15":{"start":{"line":43,"column":18},"end":{"line":51,"column":3}},"16":{"start":{"line":53,"column":2},"end":{"line":53,"column":48}},"17":{"start":{"line":57,"column":0},"end":{"line":63,"column":2}},"18":{"start":{"line":58,"column":18},"end":{"line":58,"column":54}},"19":{"start":{"line":60,"column":2},"end":{"line":62,"column":5}},"20":{"start":{"line":61,"column":4},"end":{"line":61,"column":29}},"21":{"start":{"line":66,"column":0},"end":{"line":74,"column":2}},"22":{"start":{"line":67,"column":2},"end":{"line":67,"column":40}},"23":{"start":{"line":68,"column":18},"end":{"line":68,"column":54}},"24":{"start":{"line":70,"column":2},"end":{"line":73,"column":5}},"25":{"start":{"line":72,"column":4},"end":{"line":72,"column":33}}},"fnMap":{"0":{"name":"(anonymous_0)","decl":{"start":{"line":8,"column":17},"end":{"line":8,"column":18}},"loc":{"start":{"line":8,"column":37},"end":{"line":54,"column":1}},"line":8},"1":{"name":"(anonymous_1)","decl":{"start":{"line":57,"column":21},"end":{"line":57,"column":22}},"loc":{"start":{"line":57,"column":35},"end":{"line":63,"column":1}},"line":57},"2":{"name":"(anonymous_2)","decl":{"start":{"line":60,"column":35},"end":{"line":60,"column":36}},"loc":{"start":{"line":60,"column":41},"end":{"line":62,"column":3}},"line":60},"3":{"name":"(anonymous_3)","decl":{"start":{"line":66,"column":19},"end":{"line":66,"column":20}},"loc":{"start":{"line":66,"column":33},"end":{"line":74,"column":1}},"line":66},"4":{"name":"(anonymous_4)","decl":{"start":{"line":70,"column":33},"end":{"line":70,"column":34}},"loc":{"start":{"line":70,"column":45},"end":{"line":73,"column":3}},"line":70}},"branchMap":{"0":{"loc":{"start":{"line":36,"column":2},"end":{"line":37,"column":27}},"type":"if","locations":[{"start":{"line":36,"column":2},"end":{"line":37,"column":27}},{"start":{"line":36,"column":2},"end":{"line":37,"column":27}}],"line":36}},"s":{"0":8,"1":8,"2":8,"3":8,"4":8,"5":8,"6":9,"7":9,"8":9,"9":9,"10":9,"11":9,"12":9,"13":0,"14":9,"15":9,"16":9,"17":8,"18":2,"19":2,"20":2,"21":8,"22":2,"23":2,"24":2,"25":2},"f":{"0":9,"1":2,"2":2,"3":2,"4":2},"b":{"0":[9,0]},"_coverageSchema":"1a1c01bbd47fc00a2c39e90264f33305004495a9","hash":"303abe5172d221a25246164a5380e1bb67b9f1b9"}
,"C:\\Users\\hp\\Documents\\VICA\\fullstackapi\\summerexam\\backend\\middlewares\\errorHandler.js": {"path":"C:\\Users\\hp\\Documents\\VICA\\fullstackapi\\summerexam\\backend\\middlewares\\errorHandler.js","statementMap":{"0":{"start":{"line":1,"column":0},"end":{"line":7,"column":2}},"1":{"start":{"line":2,"column":2},"end":{"line":6,"column":3}},"2":{"start":{"line":3,"column":4},"end":{"line":3,"column":45}},"3":{"start":{"line":5,"column":4},"end":{"line":5,"column":53}}},"fnMap":{"0":{"name":"(anonymous_0)","decl":{"start":{"line":1,"column":17},"end":{"line":1,"column":18}},"loc":{"start":{"line":1,"column":42},"end":{"line":7,"column":1}},"line":1}},"branchMap":{"0":{"loc":{"start":{"line":2,"column":2},"end":{"line":6,"column":3}},"type":"if","locations":[{"start":{"line":2,"column":2},"end":{"line":6,"column":3}},{"start":{"line":2,"column":2},"end":{"line":6,"column":3}}],"line":2}},"s":{"0":9,"1":1,"2":0,"3":1},"f":{"0":1},"b":{"0":[0,1]},"_coverageSchema":"1a1c01bbd47fc00a2c39e90264f33305004495a9","hash":"bf1d8c882b8ff2135213a499ddb2aa51cf4f6e9e"}
,"C:\\Users\\hp\\Documents\\VICA\\fullstackapi\\summerexam\\backend\\middlewares\\veryfyToken.js": {"path":"C:\\Users\\hp\\Documents\\VICA\\fullstackapi\\summerexam\\backend\\middlewares\\veryfyToken.js","statementMap":{"0":{"start":{"line":1,"column":12},"end":{"line":1,"column":35}},"1":{"start":{"line":4,"column":0},"end":{"line":15,"column":2}},"2":{"start":{"line":5,"column":16},"end":{"line":5,"column":40}},"3":{"start":{"line":6,"column":2},"end":{"line":6,"column":59}},"4":{"start":{"line":6,"column":14},"end":{"line":6,"column":59}},"5":{"start":{"line":8,"column":2},"end":{"line":14,"column":3}},"6":{"start":{"line":9,"column":21},"end":{"line":9,"column":64}},"7":{"start":{"line":10,"column":4},"end":{"line":10,"column":24}},"8":{"start":{"line":11,"column":4},"end":{"line":11,"column":11}},"9":{"start":{"line":13,"column":4},"end":{"line":13,"column":43}}},"fnMap":{"0":{"name":"(anonymous_0)","decl":{"start":{"line":4,"column":17},"end":{"line":4,"column":18}},"loc":{"start":{"line":4,"column":43},"end":{"line":15,"column":1}},"line":4}},"branchMap":{"0":{"loc":{"start":{"line":6,"column":2},"end":{"line":6,"column":59}},"type":"if","locations":[{"start":{"line":6,"column":2},"end":{"line":6,"column":59}},{"start":{"line":6,"column":2},"end":{"line":6,"column":59}}],"line":6}},"s":{"0":8,"1":8,"2":34,"3":34,"4":1,"5":33,"6":33,"7":33,"8":33,"9":0},"f":{"0":34},"b":{"0":[1,33]},"_coverageSchema":"1a1c01bbd47fc00a2c39e90264f33305004495a9","hash":"39b20a0c6285e8626d54ff275666870f57fb56f7"}
,"C:\\Users\\hp\\Documents\\VICA\\fullstackapi\\summerexam\\backend\\models\\Article.js": {"path":"C:\\Users\\hp\\Documents\\VICA\\fullstackapi\\summerexam\\backend\\models\\Article.js","statementMap":{"0":{"start":{"line":1,"column":17},"end":{"line":1,"column":36}},"1":{"start":{"line":3,"column":22},"end":{"line":25,"column":2}},"2":{"start":{"line":27,"column":0},"end":{"line":27,"column":70}}},"fnMap":{},"branchMap":{},"s":{"0":8,"1":8,"2":8},"f":{},"b":{},"_coverageSchema":"1a1c01bbd47fc00a2c39e90264f33305004495a9","hash":"ebafeb68f1bd9614225ccbce5bb0bb0a20786822"}
,"C:\\Users\\hp\\Documents\\VICA\\fullstackapi\\summerexam\\backend\\models\\Ausholiday.js": {"path":"C:\\Users\\hp\\Documents\\VICA\\fullstackapi\\summerexam\\backend\\models\\Ausholiday.js","statementMap":{"0":{"start":{"line":1,"column":17},"end":{"line":1,"column":36}},"1":{"start":{"line":3,"column":25},"end":{"line":13,"column":2}},"2":{"start":{"line":15,"column":0},"end":{"line":15,"column":64}}},"fnMap":{},"branchMap":{},"s":{"0":8,"1":8,"2":8},"f":{},"b":{},"_coverageSchema":"1a1c01bbd47fc00a2c39e90264f33305004495a9","hash":"dace7e93fc66d770f04eb1563a0d6a1621fd7c38"}
,"C:\\Users\\hp\\Documents\\VICA\\fullstackapi\\summerexam\\backend\\models\\UKholiday.js": {"path":"C:\\Users\\hp\\Documents\\VICA\\fullstackapi\\summerexam\\backend\\models\\UKholiday.js","statementMap":{"0":{"start":{"line":1,"column":17},"end":{"line":1,"column":36}},"1":{"start":{"line":3,"column":24},"end":{"line":13,"column":2}},"2":{"start":{"line":15,"column":0},"end":{"line":15,"column":62}}},"fnMap":{},"branchMap":{},"s":{"0":8,"1":8,"2":8},"f":{},"b":{},"_coverageSchema":"1a1c01bbd47fc00a2c39e90264f33305004495a9","hash":"4f7bdb0c3326316caae93d047daee23fc58a646e"}
,"C:\\Users\\hp\\Documents\\VICA\\fullstackapi\\summerexam\\backend\\models\\USholiday.js": {"path":"C:\\Users\\hp\\Documents\\VICA\\fullstackapi\\summerexam\\backend\\models\\USholiday.js","statementMap":{"0":{"start":{"line":1,"column":17},"end":{"line":1,"column":36}},"1":{"start":{"line":3,"column":24},"end":{"line":13,"column":2}},"2":{"start":{"line":15,"column":0},"end":{"line":15,"column":62}}},"fnMap":{},"branchMap":{},"s":{"0":8,"1":8,"2":8},"f":{},"b":{},"_coverageSchema":"1a1c01bbd47fc00a2c39e90264f33305004495a9","hash":"ea6a10e443670125d6af80b942b862d6a545b100"}
,"C:\\Users\\hp\\Documents\\VICA\\fullstackapi\\summerexam\\backend\\models\\User.js": {"path":"C:\\Users\\hp\\Documents\\VICA\\fullstackapi\\summerexam\\backend\\models\\User.js","statementMap":{"0":{"start":{"line":1,"column":17},"end":{"line":1,"column":36}},"1":{"start":{"line":3,"column":19},"end":{"line":16,"column":2}},"2":{"start":{"line":18,"column":0},"end":{"line":18,"column":52}}},"fnMap":{},"branchMap":{},"s":{"0":8,"1":8,"2":8},"f":{},"b":{},"_coverageSchema":"1a1c01bbd47fc00a2c39e90264f33305004495a9","hash":"8fa2fd13adf1fe243f9a7d5370197afc7b8dffb4"}
,"C:\\Users\\hp\\Documents\\VICA\\fullstackapi\\summerexam\\backend\\routes\\articleRoutes.js": {"path":"C:\\Users\\hp\\Documents\\VICA\\fullstackapi\\summerexam\\backend\\routes\\articleRoutes.js","statementMap":{"0":{"start":{"line":1,"column":15},"end":{"line":1,"column":42}},"1":{"start":{"line":2,"column":20},"end":{"line":2,"column":57}},"2":{"start":{"line":3,"column":26},"end":{"line":3,"column":71}},"3":{"start":{"line":5,"column":0},"end":{"line":5,"column":40}},"4":{"start":{"line":7,"column":0},"end":{"line":7,"column":56}},"5":{"start":{"line":9,"column":0},"end":{"line":9,"column":65}},"6":{"start":{"line":11,"column":0},"end":{"line":11,"column":59}},"7":{"start":{"line":13,"column":0},"end":{"line":13,"column":67}},"8":{"start":{"line":15,"column":0},"end":{"line":15,"column":69}},"9":{"start":{"line":17,"column":0},"end":{"line":17,"column":24}}},"fnMap":{},"branchMap":{},"s":{"0":8,"1":8,"2":8,"3":8,"4":8,"5":8,"6":8,"7":8,"8":8,"9":8},"f":{},"b":{},"_coverageSchema":"1a1c01bbd47fc00a2c39e90264f33305004495a9","hash":"51854ffd75586a3ff57a6560b67b68719f539fb8"}
,"C:\\Users\\hp\\Documents\\VICA\\fullstackapi\\summerexam\\backend\\routes\\holidayRoutes.js": {"path":"C:\\Users\\hp\\Documents\\VICA\\fullstackapi\\summerexam\\backend\\routes\\holidayRoutes.js","statementMap":{"0":{"start":{"line":1,"column":15},"end":{"line":1,"column":42}},"1":{"start":{"line":2,"column":26},"end":{"line":2,"column":71}},"2":{"start":{"line":4,"column":0},"end":{"line":4,"column":44}},"3":{"start":{"line":6,"column":0},"end":{"line":6,"column":44}},"4":{"start":{"line":8,"column":0},"end":{"line":8,"column":46}},"5":{"start":{"line":10,"column":0},"end":{"line":10,"column":24}}},"fnMap":{},"branchMap":{},"s":{"0":8,"1":8,"2":8,"3":8,"4":8,"5":8},"f":{},"b":{},"_coverageSchema":"1a1c01bbd47fc00a2c39e90264f33305004495a9","hash":"f81d0af6794ef4abee6385007e08cf38308842bd"}
,"C:\\Users\\hp\\Documents\\VICA\\fullstackapi\\summerexam\\backend\\routes\\userRoutes.js": {"path":"C:\\Users\\hp\\Documents\\VICA\\fullstackapi\\summerexam\\backend\\routes\\userRoutes.js","statementMap":{"0":{"start":{"line":1,"column":15},"end":{"line":1,"column":42}},"1":{"start":{"line":2,"column":23},"end":{"line":2,"column":65}},"2":{"start":{"line":3,"column":20},"end":{"line":3,"column":57}},"3":{"start":{"line":6,"column":0},"end":{"line":6,"column":45}},"4":{"start":{"line":7,"column":0},"end":{"line":7,"column":54}},"5":{"start":{"line":8,"column":0},"end":{"line":8,"column":59}},"6":{"start":{"line":10,"column":0},"end":{"line":10,"column":24}}},"fnMap":{},"branchMap":{},"s":{"0":8,"1":8,"2":8,"3":8,"4":8,"5":8,"6":8},"f":{},"b":{},"_coverageSchema":"1a1c01bbd47fc00a2c39e90264f33305004495a9","hash":"e9f4a8ec5b737c9ebf6af78b75f62d8c14598a6d"}
,"C:\\Users\\hp\\Documents\\VICA\\fullstackapi\\summerexam\\backend\\services\\article.service.js": {"path":"C:\\Users\\hp\\Documents\\VICA\\fullstackapi\\summerexam\\backend\\services\\article.service.js","statementMap":{"0":{"start":{"line":1,"column":16},"end":{"line":1,"column":44}},"1":{"start":{"line":3,"column":0},"end":{"line":45,"column":2}},"2":{"start":{"line":4,"column":2},"end":{"line":44,"column":5}},"3":{"start":{"line":6,"column":4},"end":{"line":18,"column":5}},"4":{"start":{"line":7,"column":6},"end":{"line":17,"column":11}},"5":{"start":{"line":10,"column":10},"end":{"line":16,"column":11}},"6":{"start":{"line":12,"column":12},"end":{"line":12,"column":24}},"7":{"start":{"line":14,"column":12},"end":{"line":14,"column":30}},"8":{"start":{"line":20,"column":4},"end":{"line":43,"column":11}},"9":{"start":{"line":21,"column":6},"end":{"line":31,"column":11}},"10":{"start":{"line":24,"column":10},"end":{"line":30,"column":11}},"11":{"start":{"line":26,"column":12},"end":{"line":26,"column":24}},"12":{"start":{"line":28,"column":12},"end":{"line":28,"column":30}},"13":{"start":{"line":33,"column":6},"end":{"line":43,"column":11}},"14":{"start":{"line":36,"column":10},"end":{"line":42,"column":11}},"15":{"start":{"line":38,"column":12},"end":{"line":38,"column":24}},"16":{"start":{"line":40,"column":12},"end":{"line":40,"column":30}},"17":{"start":{"line":48,"column":0},"end":{"line":64,"column":2}},"18":{"start":{"line":49,"column":2},"end":{"line":63,"column":5}},"19":{"start":{"line":50,"column":4},"end":{"line":62,"column":9}},"20":{"start":{"line":55,"column":8},"end":{"line":61,"column":9}},"21":{"start":{"line":57,"column":10},"end":{"line":57,"column":22}},"22":{"start":{"line":59,"column":10},"end":{"line":59,"column":28}},"23":{"start":{"line":67,"column":0},"end":{"line":71,"column":2}},"24":{"start":{"line":68,"column":18},"end":{"line":68,"column":61}},"25":{"start":{"line":70,"column":2},"end":{"line":70,"column":24}},"26":{"start":{"line":74,"column":0},"end":{"line":80,"column":2}},"27":{"start":{"line":75,"column":2},"end":{"line":79,"column":5}},"28":{"start":{"line":78,"column":4},"end":{"line":78,"column":18}},"29":{"start":{"line":83,"column":0},"end":{"line":90,"column":2}},"30":{"start":{"line":84,"column":2},"end":{"line":89,"column":4}},"31":{"start":{"line":93,"column":0},"end":{"line":103,"column":2}},"32":{"start":{"line":94,"column":2},"end":{"line":102,"column":5}},"33":{"start":{"line":95,"column":4},"end":{"line":101,"column":7}},"34":{"start":{"line":96,"column":6},"end":{"line":100,"column":7}},"35":{"start":{"line":97,"column":8},"end":{"line":97,"column":20}},"36":{"start":{"line":99,"column":8},"end":{"line":99,"column":21}}},"fnMap":{"0":{"name":"(anonymous_0)","decl":{"start":{"line":3,"column":15},"end":{"line":3,"column":16}},"loc":{"start":{"line":3,"column":37},"end":{"line":45,"column":1}},"line":3},"1":{"name":"(anonymous_1)","decl":{"start":{"line":4,"column":21},"end":{"line":4,"column":22}},"loc":{"start":{"line":4,"column":42},"end":{"line":44,"column":3}},"line":4},"2":{"name":"(anonymous_2)","decl":{"start":{"line":9,"column":14},"end":{"line":9,"column":15}},"loc":{"start":{"line":9,"column":39},"end":{"line":17,"column":9}},"line":9},"3":{"name":"(anonymous_3)","decl":{"start":{"line":23,"column":14},"end":{"line":23,"column":15}},"loc":{"start":{"line":23,"column":39},"end":{"line":31,"column":9}},"line":23},"4":{"name":"(anonymous_4)","decl":{"start":{"line":35,"column":14},"end":{"line":35,"column":15}},"loc":{"start":{"line":35,"column":39},"end":{"line":43,"column":9}},"line":35},"5":{"name":"(anonymous_5)","decl":{"start":{"line":48,"column":27},"end":{"line":48,"column":28}},"loc":{"start":{"line":48,"column":46},"end":{"line":64,"column":1}},"line":48},"6":{"name":"(anonymous_6)","decl":{"start":{"line":49,"column":21},"end":{"line":49,"column":22}},"loc":{"start":{"line":49,"column":42},"end":{"line":63,"column":3}},"line":49},"7":{"name":"(anonymous_7)","decl":{"start":{"line":54,"column":12},"end":{"line":54,"column":13}},"loc":{"start":{"line":54,"column":37},"end":{"line":62,"column":7}},"line":54},"8":{"name":"(anonymous_8)","decl":{"start":{"line":67,"column":24},"end":{"line":67,"column":25}},"loc":{"start":{"line":67,"column":51},"end":{"line":71,"column":1}},"line":67},"9":{"name":"(anonymous_9)","decl":{"start":{"line":74,"column":23},"end":{"line":74,"column":24}},"loc":{"start":{"line":74,"column":31},"end":{"line":80,"column":1}},"line":74},"10":{"name":"(anonymous_10)","decl":{"start":{"line":75,"column":43},"end":{"line":75,"column":44}},"loc":{"start":{"line":75,"column":55},"end":{"line":79,"column":3}},"line":75},"11":{"name":"(anonymous_11)","decl":{"start":{"line":83,"column":23},"end":{"line":83,"column":24}},"loc":{"start":{"line":83,"column":50},"end":{"line":90,"column":1}},"line":83},"12":{"name":"(anonymous_12)","decl":{"start":{"line":93,"column":21},"end":{"line":93,"column":22}},"loc":{"start":{"line":93,"column":29},"end":{"line":103,"column":1}},"line":93},"13":{"name":"(anonymous_13)","decl":{"start":{"line":94,"column":21},"end":{"line":94,"column":22}},"loc":{"start":{"line":94,"column":42},"end":{"line":102,"column":3}},"line":94},"14":{"name":"(anonymous_14)","decl":{"start":{"line":95,"column":36},"end":{"line":95,"column":37}},"loc":{"start":{"line":95,"column":45},"end":{"line":101,"column":5}},"line":95}},"branchMap":{"0":{"loc":{"start":{"line":6,"column":4},"end":{"line":18,"column":5}},"type":"if","locations":[{"start":{"line":6,"column":4},"end":{"line":18,"column":5}},{"start":{"line":6,"column":4},"end":{"line":18,"column":5}}],"line":6},"1":{"loc":{"start":{"line":10,"column":10},"end":{"line":16,"column":11}},"type":"if","locations":[{"start":{"line":10,"column":10},"end":{"line":16,"column":11}},{"start":{"line":10,"column":10},"end":{"line":16,"column":11}}],"line":10},"2":{"loc":{"start":{"line":20,"column":4},"end":{"line":43,"column":11}},"type":"if","locations":[{"start":{"line":20,"column":4},"end":{"line":43,"column":11}},{"start":{"line":20,"column":4},"end":{"line":43,"column":11}}],"line":20},"3":{"loc":{"start":{"line":24,"column":10},"end":{"line":30,"column":11}},"type":"if","locations":[{"start":{"line":24,"column":10},"end":{"line":30,"column":11}},{"start":{"line":24,"column":10},"end":{"line":30,"column":11}}],"line":24},"4":{"loc":{"start":{"line":36,"column":10},"end":{"line":42,"column":11}},"type":"if","locations":[{"start":{"line":36,"column":10},"end":{"line":42,"column":11}},{"start":{"line":36,"column":10},"end":{"line":42,"column":11}}],"line":36},"5":{"loc":{"start":{"line":55,"column":8},"end":{"line":61,"column":9}},"type":"if","locations":[{"start":{"line":55,"column":8},"end":{"line":61,"column":9}},{"start":{"line":55,"column":8},"end":{"line":61,"column":9}}],"line":55},"6":{"loc":{"start":{"line":96,"column":6},"end":{"line":100,"column":7}},"type":"if","locations":[{"start":{"line":96,"column":6},"end":{"line":100,"column":7}},{"start":{"line":96,"column":6},"end":{"line":100,"column":7}}],"line":96}},"s":{"0":8,"1":8,"2":5,"3":5,"4":1,"5":1,"6":0,"7":1,"8":5,"9":1,"10":1,"11":0,"12":1,"13":4,"14":4,"15":0,"16":4,"17":8,"18":4,"19":4,"20":4,"21":0,"22":4,"23":8,"24":20,"25":20,"26":8,"27":2,"28":2,"29":8,"30":1,"31":8,"32":1,"33":1,"34":1,"35":0,"36":1},"f":{"0":5,"1":5,"2":1,"3":1,"4":4,"5":4,"6":4,"7":4,"8":20,"9":2,"10":2,"11":1,"12":1,"13":1,"14":1},"b":{"0":[1,4],"1":[0,1],"2":[1,4],"3":[0,1],"4":[0,4],"5":[0,4],"6":[0,1]},"_coverageSchema":"1a1c01bbd47fc00a2c39e90264f33305004495a9","hash":"83178698cc61415c57999af6d904aec1e43e12df"}
,"C:\\Users\\hp\\Documents\\VICA\\fullstackapi\\summerexam\\backend\\services\\holidays.service.js": {"path":"C:\\Users\\hp\\Documents\\VICA\\fullstackapi\\summerexam\\backend\\services\\holidays.service.js","statementMap":{"0":{"start":{"line":1,"column":18},"end":{"line":1,"column":48}},"1":{"start":{"line":2,"column":18},"end":{"line":2,"column":48}},"2":{"start":{"line":3,"column":19},"end":{"line":3,"column":50}},"3":{"start":{"line":4,"column":14},"end":{"line":4,"column":30}},"4":{"start":{"line":7,"column":0},"end":{"line":38,"column":2}},"5":{"start":{"line":8,"column":13},"end":{"line":8,"column":27}},"6":{"start":{"line":9,"column":14},"end":{"line":9,"column":29}},"7":{"start":{"line":10,"column":12},"end":{"line":10,"column":25}},"8":{"start":{"line":11,"column":16},"end":{"line":11,"column":46}},"9":{"start":{"line":13,"column":26},"end":{"line":13,"column":68}},"10":{"start":{"line":15,"column":2},"end":{"line":15,"column":50}},"11":{"start":{"line":15,"column":25},"end":{"line":15,"column":50}},"12":{"start":{"line":17,"column":17},"end":{"line":19,"column":3}},"13":{"start":{"line":22,"column":2},"end":{"line":33,"column":6}},"14":{"start":{"line":23,"column":4},"end":{"line":27,"column":6}},"15":{"start":{"line":29,"column":4},"end":{"line":33,"column":6}},"16":{"start":{"line":34,"column":20},"end":{"line":34,"column":48}},"17":{"start":{"line":35,"column":2},"end":{"line":35,"column":19}},"18":{"start":{"line":37,"column":2},"end":{"line":37,"column":23}},"19":{"start":{"line":41,"column":0},"end":{"line":72,"column":2}},"20":{"start":{"line":42,"column":13},"end":{"line":42,"column":27}},"21":{"start":{"line":43,"column":14},"end":{"line":43,"column":29}},"22":{"start":{"line":44,"column":12},"end":{"line":44,"column":25}},"23":{"start":{"line":45,"column":16},"end":{"line":45,"column":46}},"24":{"start":{"line":47,"column":26},"end":{"line":47,"column":68}},"25":{"start":{"line":49,"column":2},"end":{"line":49,"column":50}},"26":{"start":{"line":49,"column":25},"end":{"line":49,"column":50}},"27":{"start":{"line":51,"column":17},"end":{"line":53,"column":3}},"28":{"start":{"line":54,"column":2},"end":{"line":54,"column":52}},"29":{"start":{"line":56,"column":2},"end":{"line":67,"column":6}},"30":{"start":{"line":57,"column":4},"end":{"line":61,"column":6}},"31":{"start":{"line":63,"column":4},"end":{"line":67,"column":6}},"32":{"start":{"line":68,"column":20},"end":{"line":68,"column":48}},"33":{"start":{"line":69,"column":2},"end":{"line":69,"column":19}},"34":{"start":{"line":71,"column":2},"end":{"line":71,"column":23}},"35":{"start":{"line":75,"column":0},"end":{"line":106,"column":2}},"36":{"start":{"line":76,"column":13},"end":{"line":76,"column":27}},"37":{"start":{"line":77,"column":14},"end":{"line":77,"column":29}},"38":{"start":{"line":78,"column":12},"end":{"line":78,"column":25}},"39":{"start":{"line":79,"column":16},"end":{"line":79,"column":46}},"40":{"start":{"line":81,"column":27},"end":{"line":81,"column":70}},"41":{"start":{"line":83,"column":2},"end":{"line":83,"column":52}},"42":{"start":{"line":83,"column":26},"end":{"line":83,"column":52}},"43":{"start":{"line":85,"column":17},"end":{"line":87,"column":3}},"44":{"start":{"line":90,"column":2},"end":{"line":101,"column":6}},"45":{"start":{"line":91,"column":4},"end":{"line":95,"column":6}},"46":{"start":{"line":97,"column":4},"end":{"line":101,"column":6}},"47":{"start":{"line":102,"column":21},"end":{"line":102,"column":50}},"48":{"start":{"line":103,"column":2},"end":{"line":103,"column":20}},"49":{"start":{"line":105,"column":2},"end":{"line":105,"column":23}}},"fnMap":{"0":{"name":"(anonymous_0)","decl":{"start":{"line":7,"column":26},"end":{"line":7,"column":27}},"loc":{"start":{"line":7,"column":41},"end":{"line":38,"column":1}},"line":7},"1":{"name":"(anonymous_1)","decl":{"start":{"line":41,"column":26},"end":{"line":41,"column":27}},"loc":{"start":{"line":41,"column":41},"end":{"line":72,"column":1}},"line":41},"2":{"name":"(anonymous_2)","decl":{"start":{"line":75,"column":27},"end":{"line":75,"column":28}},"loc":{"start":{"line":75,"column":42},"end":{"line":106,"column":1}},"line":75}},"branchMap":{"0":{"loc":{"start":{"line":15,"column":2},"end":{"line":15,"column":50}},"type":"if","locations":[{"start":{"line":15,"column":2},"end":{"line":15,"column":50}},{"start":{"line":15,"column":2},"end":{"line":15,"column":50}}],"line":15},"1":{"loc":{"start":{"line":22,"column":2},"end":{"line":33,"column":6}},"type":"if","locations":[{"start":{"line":22,"column":2},"end":{"line":33,"column":6}},{"start":{"line":22,"column":2},"end":{"line":33,"column":6}}],"line":22},"2":{"loc":{"start":{"line":49,"column":2},"end":{"line":49,"column":50}},"type":"if","locations":[{"start":{"line":49,"column":2},"end":{"line":49,"column":50}},{"start":{"line":49,"column":2},"end":{"line":49,"column":50}}],"line":49},"3":{"loc":{"start":{"line":56,"column":2},"end":{"line":67,"column":6}},"type":"if","locations":[{"start":{"line":56,"column":2},"end":{"line":67,"column":6}},{"start":{"line":56,"column":2},"end":{"line":67,"column":6}}],"line":56},"4":{"loc":{"start":{"line":83,"column":2},"end":{"line":83,"column":52}},"type":"if","locations":[{"start":{"line":83,"column":2},"end":{"line":83,"column":52}},{"start":{"line":83,"column":2},"end":{"line":83,"column":52}}],"line":83},"5":{"loc":{"start":{"line":90,"column":2},"end":{"line":101,"column":6}},"type":"if","locations":[{"start":{"line":90,"column":2},"end":{"line":101,"column":6}},{"start":{"line":90,"column":2},"end":{"line":101,"column":6}}],"line":90}},"s":{"0":8,"1":8,"2":8,"3":8,"4":8,"5":7,"6":7,"7":7,"8":7,"9":7,"10":7,"11":2,"12":5,"13":5,"14":0,"15":5,"16":5,"17":5,"18":5,"19":8,"20":7,"21":7,"22":7,"23":7,"24":7,"25":7,"26":2,"27":5,"28":5,"29":5,"30":0,"31":5,"32":5,"33":5,"34":5,"35":8,"36":7,"37":7,"38":7,"39":7,"40":7,"41":7,"42":2,"43":5,"44":5,"45":3,"46":2,"47":5,"48":5,"49":5},"f":{"0":7,"1":7,"2":7},"b":{"0":[2,5],"1":[0,5],"2":[2,5],"3":[0,5],"4":[2,5],"5":[3,2]},"_coverageSchema":"1a1c01bbd47fc00a2c39e90264f33305004495a9","hash":"6ef56257dd071bd278832805d2db30da09fc0f14"}
,"C:\\Users\\hp\\Documents\\VICA\\fullstackapi\\summerexam\\backend\\services\\user.service.js": {"path":"C:\\Users\\hp\\Documents\\VICA\\fullstackapi\\summerexam\\backend\\services\\user.service.js","statementMap":{"0":{"start":{"line":1,"column":13},"end":{"line":1,"column":38}},"1":{"start":{"line":2,"column":19},"end":{"line":2,"column":40}},"2":{"start":{"line":3,"column":15},"end":{"line":3,"column":32}},"3":{"start":{"line":4,"column":0},"end":{"line":4,"column":16}},"4":{"start":{"line":6,"column":0},"end":{"line":48,"column":2}},"5":{"start":{"line":7,"column":21},"end":{"line":7,"column":61}},"6":{"start":{"line":9,"column":2},"end":{"line":47,"column":3}},"7":{"start":{"line":11,"column":22},"end":{"line":17,"column":6}},"8":{"start":{"line":19,"column":22},"end":{"line":26,"column":5}},"9":{"start":{"line":29,"column":4},"end":{"line":37,"column":5}},"10":{"start":{"line":32,"column":21},"end":{"line":32,"column":60}},"11":{"start":{"line":34,"column":6},"end":{"line":34,"column":45}},"12":{"start":{"line":36,"column":6},"end":{"line":36,"column":23}},"13":{"start":{"line":39,"column":17},"end":{"line":44,"column":6}},"14":{"start":{"line":46,"column":4},"end":{"line":46,"column":23}},"15":{"start":{"line":51,"column":0},"end":{"line":61,"column":2}},"16":{"start":{"line":52,"column":2},"end":{"line":60,"column":5}},"17":{"start":{"line":53,"column":4},"end":{"line":59,"column":7}},"18":{"start":{"line":54,"column":6},"end":{"line":58,"column":7}},"19":{"start":{"line":55,"column":8},"end":{"line":55,"column":20}},"20":{"start":{"line":57,"column":8},"end":{"line":57,"column":21}},"21":{"start":{"line":64,"column":0},"end":{"line":68,"column":2}},"22":{"start":{"line":65,"column":2},"end":{"line":67,"column":5}},"23":{"start":{"line":66,"column":4},"end":{"line":66,"column":18}}},"fnMap":{"0":{"name":"(anonymous_0)","decl":{"start":{"line":6,"column":21},"end":{"line":6,"column":22}},"loc":{"start":{"line":6,"column":53},"end":{"line":48,"column":1}},"line":6},"1":{"name":"(anonymous_1)","decl":{"start":{"line":51,"column":21},"end":{"line":51,"column":22}},"loc":{"start":{"line":51,"column":29},"end":{"line":61,"column":1}},"line":51},"2":{"name":"(anonymous_2)","decl":{"start":{"line":52,"column":21},"end":{"line":52,"column":22}},"loc":{"start":{"line":52,"column":42},"end":{"line":60,"column":3}},"line":52},"3":{"name":"(anonymous_3)","decl":{"start":{"line":53,"column":33},"end":{"line":53,"column":34}},"loc":{"start":{"line":53,"column":42},"end":{"line":59,"column":5}},"line":53},"4":{"name":"(anonymous_4)","decl":{"start":{"line":64,"column":19},"end":{"line":64,"column":20}},"loc":{"start":{"line":64,"column":27},"end":{"line":68,"column":1}},"line":64},"5":{"name":"(anonymous_5)","decl":{"start":{"line":65,"column":40},"end":{"line":65,"column":41}},"loc":{"start":{"line":65,"column":52},"end":{"line":67,"column":3}},"line":65}},"branchMap":{"0":{"loc":{"start":{"line":9,"column":2},"end":{"line":47,"column":3}},"type":"if","locations":[{"start":{"line":9,"column":2},"end":{"line":47,"column":3}},{"start":{"line":9,"column":2},"end":{"line":47,"column":3}}],"line":9},"1":{"loc":{"start":{"line":54,"column":6},"end":{"line":58,"column":7}},"type":"if","locations":[{"start":{"line":54,"column":6},"end":{"line":58,"column":7}},{"start":{"line":54,"column":6},"end":{"line":58,"column":7}}],"line":54}},"s":{"0":8,"1":8,"2":8,"3":8,"4":8,"5":9,"6":9,"7":7,"8":7,"9":7,"10":7,"11":7,"12":0,"13":7,"14":7,"15":8,"16":2,"17":2,"18":2,"19":0,"20":2,"21":8,"22":2,"23":2},"f":{"0":9,"1":2,"2":2,"3":2,"4":2,"5":2},"b":{"0":[7,2],"1":[0,2]},"_coverageSchema":"1a1c01bbd47fc00a2c39e90264f33305004495a9","hash":"c3462d1846eabd120a8984ea7fbda793f0f2d6fd"}
}
