TN:
SF:server.js
FN:14,(anonymous_0)
FN:37,(anonymous_1)
FNF:2
FNH:2
FNDA:59,(anonymous_0)
FNDA:1,(anonymous_1)
DA:1,8
DA:2,8
DA:3,8
DA:4,8
DA:5,8
DA:6,8
DA:7,8
DA:10,8
DA:11,8
DA:12,8
DA:14,8
DA:15,59
DA:16,59
DA:17,59
DA:21,59
DA:22,59
DA:26,8
DA:33,8
DA:34,8
DA:37,8
DA:38,1
DA:42,8
DA:43,8
DA:44,8
DA:45,8
DA:48,8
DA:50,8
LF:27
LH:27
BRF:0
BRH:0
end_of_record
TN:
SF:controllers\articles.controller.js
FN:5,(anonymous_0)
FN:12,(anonymous_1)
FN:15,(anonymous_2)
FN:24,(anonymous_3)
FN:37,(anonymous_4)
FN:41,(anonymous_5)
FN:44,(anonymous_6)
FN:50,(anonymous_7)
FN:54,(anonymous_8)
FN:58,(anonymous_9)
FN:65,(anonymous_10)
FN:66,(anonymous_11)
FN:75,(anonymous_12)
FN:76,(anonymous_13)
FNF:14
FNH:13
FNDA:4,(anonymous_0)
FNDA:4,(anonymous_1)
FNDA:4,(anonymous_2)
FNDA:2,(anonymous_3)
FNDA:2,(anonymous_4)
FNDA:13,(anonymous_5)
FNDA:13,(anonymous_6)
FNDA:2,(anonymous_7)
FNDA:0,(anonymous_8)
FNDA:2,(anonymous_9)
FNDA:1,(anonymous_10)
FNDA:1,(anonymous_11)
FNDA:1,(anonymous_12)
FNDA:1,(anonymous_13)
DA:1,8
DA:2,8
DA:5,8
DA:6,4
DA:7,4
DA:8,0
DA:9,0
DA:12,4
DA:13,4
DA:14,4
DA:15,4
DA:16,4
DA:17,4
DA:19,4
DA:24,8
DA:25,2
DA:26,2
DA:27,2
DA:29,2
DA:30,0
DA:32,2
DA:33,0
DA:37,2
DA:41,8
DA:42,13
DA:44,13
DA:45,13
DA:50,8
DA:51,2
DA:53,2
DA:54,0
DA:55,0
DA:58,2
DA:59,2
DA:60,2
DA:65,8
DA:66,1
DA:67,1
DA:69,1
DA:75,8
DA:76,1
DA:77,1
LF:42
LH:36
BRDA:7,0,0,0
BRDA:7,0,1,4
BRDA:9,1,0,0
BRDA:9,1,1,0
BRDA:27,2,0,2
BRDA:27,2,1,0
BRDA:29,3,0,0
BRDA:29,3,1,2
BRDA:32,4,0,0
BRDA:32,4,1,2
BRDA:53,5,0,0
BRDA:53,5,1,2
BRDA:67,6,0,0
BRDA:67,6,1,1
BRF:14
BRH:6
end_of_record
TN:
SF:controllers\holidays.controller.js
FN:7,(anonymous_0)
FN:9,(anonymous_1)
FN:16,(anonymous_2)
FN:17,(anonymous_3)
FN:24,(anonymous_4)
FN:26,(anonymous_5)
FNF:6
FNH:6
FNDA:7,(anonymous_0)
FNDA:7,(anonymous_1)
FNDA:7,(anonymous_2)
FNDA:7,(anonymous_3)
FNDA:7,(anonymous_4)
FNDA:7,(anonymous_5)
DA:2,8
DA:3,8
DA:4,8
DA:7,8
DA:9,7
DA:11,7
DA:16,8
DA:17,7
DA:19,7
DA:24,8
DA:25,7
DA:26,7
DA:28,7
LF:13
LH:13
BRF:0
BRH:0
end_of_record
TN:
SF:controllers\users.controller.js
FN:8,(anonymous_0)
FN:57,(anonymous_1)
FN:60,(anonymous_2)
FN:66,(anonymous_3)
FN:70,(anonymous_4)
FNF:5
FNH:5
FNDA:9,(anonymous_0)
FNDA:2,(anonymous_1)
FNDA:2,(anonymous_2)
FNDA:2,(anonymous_3)
FNDA:2,(anonymous_4)
DA:1,8
DA:2,8
DA:3,8
DA:4,8
DA:5,8
DA:8,8
DA:10,9
DA:12,9
DA:27,9
DA:29,9
DA:32,9
DA:36,9
DA:37,0
DA:40,9
DA:43,9
DA:53,9
DA:57,8
DA:58,2
DA:60,2
DA:61,2
DA:66,8
DA:67,2
DA:68,2
DA:70,2
DA:72,2
LF:25
LH:24
BRDA:36,0,0,9
BRDA:36,0,1,0
BRF:2
BRH:1
end_of_record
TN:
SF:middlewares\errorHandler.js
FN:1,(anonymous_0)
FNF:1
FNH:1
FNDA:1,(anonymous_0)
DA:1,9
DA:2,1
DA:3,0
DA:5,1
LF:4
LH:3
BRDA:2,0,0,0
BRDA:2,0,1,1
BRF:2
BRH:1
end_of_record
TN:
SF:middlewares\veryfyToken.js
FN:4,(anonymous_0)
FNF:1
FNH:1
FNDA:24,(anonymous_0)
DA:1,8
DA:4,8
DA:5,24
DA:6,24
DA:7,24
DA:9,23
DA:11,23
DA:12,23
DA:13,23
DA:15,0
LF:10
LH:9
BRDA:7,0,0,1
BRDA:7,0,1,23
BRF:2
BRH:2
end_of_record
TN:
SF:models\Article.js
FNF:0
FNH:0
DA:1,8
DA:3,8
DA:27,8
LF:3
LH:3
BRF:0
BRH:0
end_of_record
TN:
SF:models\Ausholiday.js
FNF:0
FNH:0
DA:1,8
DA:3,8
DA:15,8
LF:3
LH:3
BRF:0
BRH:0
end_of_record
TN:
SF:models\UKholiday.js
FNF:0
FNH:0
DA:1,8
DA:3,8
DA:15,8
LF:3
LH:3
BRF:0
BRH:0
end_of_record
TN:
SF:models\USholiday.js
FNF:0
FNH:0
DA:1,8
DA:3,8
DA:15,8
LF:3
LH:3
BRF:0
BRH:0
end_of_record
TN:
SF:models\User.js
FNF:0
FNH:0
DA:1,8
DA:3,8
DA:18,8
LF:3
LH:3
BRF:0
BRH:0
end_of_record
TN:
SF:routes\articleRoutes.js
FNF:0
FNH:0
DA:1,8
DA:2,8
DA:3,8
DA:5,8
DA:7,8
DA:9,8
DA:11,8
DA:13,8
DA:15,8
DA:17,8
LF:10
LH:10
BRF:0
BRH:0
end_of_record
TN:
SF:routes\holidayRoutes.js
FNF:0
FNH:0
DA:1,8
DA:2,8
DA:4,8
DA:6,8
DA:8,8
DA:10,8
LF:6
LH:6
BRF:0
BRH:0
end_of_record
TN:
SF:routes\userRoutes.js
FNF:0
FNH:0
DA:1,8
DA:2,8
DA:3,8
DA:6,8
DA:7,8
DA:8,8
DA:10,8
LF:7
LH:7
BRF:0
BRH:0
end_of_record
TN:
SF:services\article.service.js
FN:3,(anonymous_0)
FN:4,(anonymous_1)
FN:9,(anonymous_2)
FN:23,(anonymous_3)
FN:35,(anonymous_4)
FN:48,(anonymous_5)
FN:49,(anonymous_6)
FN:54,(anonymous_7)
FN:67,(anonymous_8)
FN:74,(anonymous_9)
FN:76,(anonymous_10)
FN:84,(anonymous_11)
FN:94,(anonymous_12)
FN:95,(anonymous_13)
FN:96,(anonymous_14)
FNF:15
FNH:13
FNDA:2,(anonymous_0)
FNDA:2,(anonymous_1)
FNDA:0,(anonymous_2)
FNDA:0,(anonymous_3)
FNDA:2,(anonymous_4)
FNDA:4,(anonymous_5)
FNDA:4,(anonymous_6)
FNDA:4,(anonymous_7)
FNDA:13,(anonymous_8)
FNDA:2,(anonymous_9)
FNDA:2,(anonymous_10)
FNDA:1,(anonymous_11)
FNDA:1,(anonymous_12)
FNDA:1,(anonymous_13)
FNDA:1,(anonymous_14)
DA:1,8
DA:3,8
DA:4,2
DA:6,2
DA:7,0
DA:10,0
DA:12,0
DA:14,0
DA:20,2
DA:21,0
DA:24,0
DA:26,0
DA:28,0
DA:33,2
DA:36,2
DA:38,0
DA:40,2
DA:48,8
DA:49,4
DA:50,4
DA:55,4
DA:57,0
DA:59,4
DA:67,8
DA:68,13
DA:70,13
DA:74,8
DA:75,2
DA:79,2
DA:84,8
DA:85,1
DA:94,8
DA:95,1
DA:96,1
DA:97,1
DA:98,0
DA:100,1
LF:37
LH:26
BRDA:6,0,0,0
BRDA:6,0,1,2
BRDA:10,1,0,0
BRDA:10,1,1,0
BRDA:20,2,0,0
BRDA:20,2,1,2
BRDA:24,3,0,0
BRDA:24,3,1,0
BRDA:36,4,0,0
BRDA:36,4,1,2
BRDA:55,5,0,0
BRDA:55,5,1,4
BRDA:97,6,0,0
BRDA:97,6,1,1
BRF:14
BRH:5
end_of_record
TN:
SF:services\holidays.service.js
FN:7,(anonymous_0)
FN:41,(anonymous_1)
FN:75,(anonymous_2)
FNF:3
FNH:3
FNDA:7,(anonymous_0)
FNDA:7,(anonymous_1)
FNDA:7,(anonymous_2)
DA:1,8
DA:2,8
DA:3,8
DA:4,8
DA:7,8
DA:8,7
DA:9,7
DA:10,7
DA:11,7
DA:13,7
DA:15,7
DA:17,5
DA:22,5
DA:23,0
DA:29,5
DA:34,5
DA:35,5
DA:37,5
DA:41,8
DA:42,7
DA:43,7
DA:44,7
DA:45,7
DA:47,7
DA:49,7
DA:51,5
DA:54,5
DA:56,5
DA:57,0
DA:63,5
DA:68,5
DA:69,5
DA:71,5
DA:75,8
DA:76,7
DA:77,7
DA:78,7
DA:79,7
DA:81,7
DA:83,7
DA:85,5
DA:90,5
DA:91,3
DA:97,2
DA:102,5
DA:103,5
DA:105,5
LF:47
LH:45
BRDA:15,0,0,2
BRDA:15,0,1,5
BRDA:22,1,0,0
BRDA:22,1,1,5
BRDA:49,2,0,2
BRDA:49,2,1,5
BRDA:56,3,0,0
BRDA:56,3,1,5
BRDA:83,4,0,2
BRDA:83,4,1,5
BRDA:90,5,0,3
BRDA:90,5,1,2
BRF:12
BRH:10
end_of_record
TN:
SF:services\user.service.js
FN:6,(anonymous_0)
FN:51,(anonymous_1)
FN:52,(anonymous_2)
FN:53,(anonymous_3)
FN:64,(anonymous_4)
FN:65,(anonymous_5)
FNF:6
FNH:6
FNDA:9,(anonymous_0)
FNDA:2,(anonymous_1)
FNDA:2,(anonymous_2)
FNDA:2,(anonymous_3)
FNDA:2,(anonymous_4)
FNDA:2,(anonymous_5)
DA:1,8
DA:2,8
DA:3,8
DA:4,8
DA:6,8
DA:7,9
DA:9,9
DA:11,7
DA:19,7
DA:29,7
DA:32,7
DA:34,7
DA:36,0
DA:39,7
DA:46,7
DA:51,8
DA:52,2
DA:53,2
DA:54,2
DA:55,0
DA:57,2
DA:64,8
DA:65,2
DA:66,2
LF:24
LH:22
BRDA:9,0,0,7
BRDA:9,0,1,2
BRDA:54,1,0,0
BRDA:54,1,1,2
BRF:4
BRH:3
end_of_record
